{"/home/laisjm/Desktop/liskov/lap3/debugging-dialects/backend/api.js": {"path":"/home/laisjm/Desktop/liskov/lap3/debugging-dialects/backend/api.js","statementMap":{"0":{"start":{"line":2,"column":16},"end":{"line":2,"column":34}},"1":{"start":{"line":3,"column":13},"end":{"line":3,"column":28}},"2":{"start":{"line":4,"column":13},"end":{"line":4,"column":28}},"3":{"start":{"line":5,"column":17},"end":{"line":5,"column":37}},"4":{"start":{"line":7,"column":11},"end":{"line":7,"column":35}},"5":{"start":{"line":8,"column":0},"end":{"line":8,"column":26}},"6":{"start":{"line":11,"column":12},"end":{"line":11,"column":21}},"7":{"start":{"line":12,"column":15},"end":{"line":12,"column":37}},"8":{"start":{"line":13,"column":11},"end":{"line":17,"column":2}},"9":{"start":{"line":20,"column":0},"end":{"line":20,"column":15}},"10":{"start":{"line":21,"column":0},"end":{"line":21,"column":23}},"11":{"start":{"line":24,"column":19},"end":{"line":24,"column":45}},"12":{"start":{"line":25,"column":25},"end":{"line":25,"column":56}},"13":{"start":{"line":26,"column":23},"end":{"line":26,"column":52}},"14":{"start":{"line":27,"column":23},"end":{"line":27,"column":52}},"15":{"start":{"line":30,"column":0},"end":{"line":30,"column":32}},"16":{"start":{"line":31,"column":0},"end":{"line":31,"column":43}},"17":{"start":{"line":32,"column":0},"end":{"line":32,"column":39}},"18":{"start":{"line":33,"column":0},"end":{"line":33,"column":39}},"19":{"start":{"line":37,"column":13},"end":{"line":37,"column":44}},"20":{"start":{"line":38,"column":12},"end":{"line":38,"column":14}},"21":{"start":{"line":44,"column":0},"end":{"line":111,"column":2}},"22":{"start":{"line":47,"column":4},"end":{"line":47,"column":27}},"23":{"start":{"line":50,"column":4},"end":{"line":87,"column":7}},"24":{"start":{"line":53,"column":8},"end":{"line":53,"column":35}},"25":{"start":{"line":54,"column":8},"end":{"line":71,"column":9}},"26":{"start":{"line":54,"column":32},"end":{"line":54,"column":56}},"27":{"start":{"line":55,"column":12},"end":{"line":62,"column":14}},"28":{"start":{"line":56,"column":16},"end":{"line":61,"column":17}},"29":{"start":{"line":57,"column":20},"end":{"line":57,"column":44}},"30":{"start":{"line":58,"column":20},"end":{"line":58,"column":41}},"31":{"start":{"line":60,"column":20},"end":{"line":60,"column":73}},"32":{"start":{"line":64,"column":12},"end":{"line":70,"column":13}},"33":{"start":{"line":65,"column":37},"end":{"line":65,"column":107}},"34":{"start":{"line":66,"column":16},"end":{"line":66,"column":86}},"35":{"start":{"line":67,"column":16},"end":{"line":67,"column":33}},"36":{"start":{"line":69,"column":16},"end":{"line":69,"column":44}},"37":{"start":{"line":75,"column":8},"end":{"line":75,"column":32}},"38":{"start":{"line":78,"column":8},"end":{"line":84,"column":9}},"39":{"start":{"line":79,"column":36},"end":{"line":79,"column":143}},"40":{"start":{"line":80,"column":12},"end":{"line":80,"column":43}},"41":{"start":{"line":83,"column":12},"end":{"line":83,"column":40}},"42":{"start":{"line":85,"column":8},"end":{"line":85,"column":52}},"43":{"start":{"line":90,"column":4},"end":{"line":97,"column":6}},"44":{"start":{"line":92,"column":25},"end":{"line":92,"column":220}},"45":{"start":{"line":95,"column":8},"end":{"line":95,"column":50}},"46":{"start":{"line":96,"column":8},"end":{"line":96,"column":57}},"47":{"start":{"line":99,"column":4},"end":{"line":110,"column":6}},"48":{"start":{"line":101,"column":8},"end":{"line":106,"column":10}},"49":{"start":{"line":102,"column":12},"end":{"line":105,"column":13}},"50":{"start":{"line":103,"column":16},"end":{"line":103,"column":33}},"51":{"start":{"line":104,"column":16},"end":{"line":104,"column":38}},"52":{"start":{"line":109,"column":8},"end":{"line":109,"column":32}},"53":{"start":{"line":120,"column":0},"end":{"line":120,"column":24}}},"fnMap":{"0":{"name":"(anonymous_0)","decl":{"start":{"line":44,"column":20},"end":{"line":44,"column":21}},"loc":{"start":{"line":44,"column":30},"end":{"line":111,"column":1}},"line":44},"1":{"name":"(anonymous_1)","decl":{"start":{"line":50,"column":26},"end":{"line":50,"column":27}},"loc":{"start":{"line":50,"column":46},"end":{"line":87,"column":5}},"line":50},"2":{"name":"(anonymous_2)","decl":{"start":{"line":54,"column":25},"end":{"line":54,"column":26}},"loc":{"start":{"line":54,"column":32},"end":{"line":54,"column":56}},"line":54},"3":{"name":"(anonymous_3)","decl":{"start":{"line":55,"column":26},"end":{"line":55,"column":27}},"loc":{"start":{"line":55,"column":33},"end":{"line":62,"column":13}},"line":55},"4":{"name":"(anonymous_4)","decl":{"start":{"line":90,"column":29},"end":{"line":90,"column":30}},"loc":{"start":{"line":90,"column":42},"end":{"line":97,"column":5}},"line":90},"5":{"name":"(anonymous_5)","decl":{"start":{"line":99,"column":28},"end":{"line":99,"column":29}},"loc":{"start":{"line":99,"column":32},"end":{"line":110,"column":5}},"line":99},"6":{"name":"(anonymous_6)","decl":{"start":{"line":101,"column":22},"end":{"line":101,"column":23}},"loc":{"start":{"line":101,"column":29},"end":{"line":106,"column":9}},"line":101}},"branchMap":{"0":{"loc":{"start":{"line":54,"column":8},"end":{"line":71,"column":9}},"type":"if","locations":[{"start":{"line":54,"column":8},"end":{"line":71,"column":9}},{"start":{"line":63,"column":15},"end":{"line":71,"column":9}}],"line":54},"1":{"loc":{"start":{"line":56,"column":16},"end":{"line":61,"column":17}},"type":"if","locations":[{"start":{"line":56,"column":16},"end":{"line":61,"column":17}},{"start":{},"end":{}}],"line":56},"2":{"loc":{"start":{"line":102,"column":12},"end":{"line":105,"column":13}},"type":"if","locations":[{"start":{"line":102,"column":12},"end":{"line":105,"column":13}},{"start":{},"end":{}}],"line":102}},"s":{"0":2,"1":2,"2":2,"3":2,"4":2,"5":2,"6":2,"7":2,"8":2,"9":2,"10":2,"11":2,"12":2,"13":2,"14":2,"15":2,"16":2,"17":2,"18":2,"19":2,"20":2,"21":2,"22":0,"23":0,"24":0,"25":0,"26":0,"27":0,"28":0,"29":0,"30":0,"31":0,"32":0,"33":0,"34":0,"35":0,"36":0,"37":0,"38":0,"39":0,"40":0,"41":0,"42":0,"43":0,"44":0,"45":0,"46":0,"47":0,"48":0,"49":0,"50":0,"51":0,"52":0,"53":2},"f":{"0":0,"1":0,"2":0,"3":0,"4":0,"5":0,"6":0},"b":{"0":[0,0],"1":[0,0],"2":[0,0]},"_coverageSchema":"1a1c01bbd47fc00a2c39e90264f33305004495a9","hash":"dbc03858c51203cc04c65992294e6c47b367bc6e"}
,"/home/laisjm/Desktop/liskov/lap3/debugging-dialects/backend/Controllers/flashcards.js": {"path":"/home/laisjm/Desktop/liskov/lap3/debugging-dialects/backend/Controllers/flashcards.js","statementMap":{"0":{"start":{"line":1,"column":18},"end":{"line":1,"column":49}},"1":{"start":{"line":2,"column":17},"end":{"line":2,"column":46}},"2":{"start":{"line":3,"column":12},"end":{"line":3,"column":35}},"3":{"start":{"line":4,"column":14},"end":{"line":4,"column":30}},"4":{"start":{"line":5,"column":0},"end":{"line":5,"column":26}},"5":{"start":{"line":7,"column":17},"end":{"line":7,"column":43}},"6":{"start":{"line":12,"column":21},"end":{"line":24,"column":3}},"7":{"start":{"line":13,"column":15},"end":{"line":13,"column":42}},"8":{"start":{"line":15,"column":22},"end":{"line":15,"column":49}},"9":{"start":{"line":17,"column":4},"end":{"line":23,"column":5}},"10":{"start":{"line":18,"column":6},"end":{"line":18,"column":54}},"11":{"start":{"line":19,"column":11},"end":{"line":23,"column":5}},"12":{"start":{"line":20,"column":6},"end":{"line":20,"column":60}},"13":{"start":{"line":22,"column":6},"end":{"line":22,"column":52}},"14":{"start":{"line":27,"column":25},"end":{"line":79,"column":1}},"15":{"start":{"line":28,"column":17},"end":{"line":28,"column":48}},"16":{"start":{"line":29,"column":2},"end":{"line":29,"column":81}},"17":{"start":{"line":32,"column":16},"end":{"line":32,"column":47}},"18":{"start":{"line":33,"column":2},"end":{"line":33,"column":79}},"19":{"start":{"line":36,"column":23},"end":{"line":36,"column":61}},"20":{"start":{"line":37,"column":2},"end":{"line":37,"column":93}},"21":{"start":{"line":39,"column":2},"end":{"line":41,"column":3}},"22":{"start":{"line":40,"column":4},"end":{"line":40,"column":78}},"23":{"start":{"line":43,"column":21},"end":{"line":43,"column":82}},"24":{"start":{"line":44,"column":2},"end":{"line":44,"column":89}},"25":{"start":{"line":46,"column":2},"end":{"line":78,"column":3}},"26":{"start":{"line":47,"column":4},"end":{"line":47,"column":61}},"27":{"start":{"line":48,"column":9},"end":{"line":78,"column":3}},"28":{"start":{"line":49,"column":4},"end":{"line":49,"column":70}},"29":{"start":{"line":52,"column":34},"end":{"line":52,"column":105}},"30":{"start":{"line":53,"column":4},"end":{"line":53,"column":113}},"31":{"start":{"line":55,"column":4},"end":{"line":77,"column":5}},"32":{"start":{"line":57,"column":27},"end":{"line":57,"column":73}},"33":{"start":{"line":58,"column":6},"end":{"line":58,"column":97}},"34":{"start":{"line":60,"column":6},"end":{"line":74,"column":7}},"35":{"start":{"line":61,"column":8},"end":{"line":61,"column":67}},"36":{"start":{"line":64,"column":34},"end":{"line":64,"column":99}},"37":{"start":{"line":65,"column":8},"end":{"line":65,"column":109}},"38":{"start":{"line":67,"column":8},"end":{"line":73,"column":9}},"39":{"start":{"line":68,"column":10},"end":{"line":68,"column":74}},"40":{"start":{"line":69,"column":15},"end":{"line":73,"column":9}},"41":{"start":{"line":70,"column":10},"end":{"line":70,"column":98}},"42":{"start":{"line":72,"column":10},"end":{"line":72,"column":76}},"43":{"start":{"line":76,"column":6},"end":{"line":76,"column":65}},"44":{"start":{"line":84,"column":24},"end":{"line":107,"column":1}},"45":{"start":{"line":85,"column":18},"end":{"line":85,"column":31}},"46":{"start":{"line":86,"column":36},"end":{"line":86,"column":44}},"47":{"start":{"line":88,"column":24},"end":{"line":88,"column":67}},"48":{"start":{"line":90,"column":2},"end":{"line":106,"column":3}},"49":{"start":{"line":91,"column":4},"end":{"line":91,"column":58}},"50":{"start":{"line":93,"column":26},"end":{"line":93,"column":155}},"51":{"start":{"line":94,"column":4},"end":{"line":94,"column":46}},"52":{"start":{"line":96,"column":4},"end":{"line":100,"column":5}},"53":{"start":{"line":97,"column":6},"end":{"line":97,"column":77}},"54":{"start":{"line":99,"column":6},"end":{"line":99,"column":77}},"55":{"start":{"line":101,"column":4},"end":{"line":105,"column":5}},"56":{"start":{"line":102,"column":6},"end":{"line":102,"column":51}},"57":{"start":{"line":104,"column":6},"end":{"line":104,"column":46}},"58":{"start":{"line":109,"column":44},"end":{"line":122,"column":1}},"59":{"start":{"line":110,"column":16},"end":{"line":110,"column":46}},"60":{"start":{"line":111,"column":19},"end":{"line":111,"column":38}},"61":{"start":{"line":113,"column":21},"end":{"line":113,"column":78}},"62":{"start":{"line":115,"column":2},"end":{"line":121,"column":3}},"63":{"start":{"line":116,"column":4},"end":{"line":116,"column":61}},"64":{"start":{"line":117,"column":9},"end":{"line":121,"column":3}},"65":{"start":{"line":118,"column":4},"end":{"line":118,"column":66}},"66":{"start":{"line":120,"column":4},"end":{"line":120,"column":60}},"67":{"start":{"line":124,"column":24},"end":{"line":135,"column":1}},"68":{"start":{"line":125,"column":48},"end":{"line":125,"column":56}},"69":{"start":{"line":127,"column":20},"end":{"line":127,"column":90}},"70":{"start":{"line":128,"column":2},"end":{"line":128,"column":86}},"71":{"start":{"line":130,"column":2},"end":{"line":134,"column":3}},"72":{"start":{"line":131,"column":4},"end":{"line":131,"column":60}},"73":{"start":{"line":133,"column":4},"end":{"line":133,"column":58}},"74":{"start":{"line":137,"column":24},"end":{"line":208,"column":1}},"75":{"start":{"line":138,"column":17},"end":{"line":138,"column":25}},"76":{"start":{"line":139,"column":17},"end":{"line":139,"column":33}},"77":{"start":{"line":140,"column":15},"end":{"line":140,"column":37}},"78":{"start":{"line":142,"column":17},"end":{"line":142,"column":34}},"79":{"start":{"line":143,"column":20},"end":{"line":143,"column":38}},"80":{"start":{"line":144,"column":23},"end":{"line":144,"column":61}},"81":{"start":{"line":146,"column":17},"end":{"line":146,"column":762}},"82":{"start":{"line":148,"column":22},"end":{"line":152,"column":4}},"83":{"start":{"line":154,"column":18},"end":{"line":162,"column":3}},"84":{"start":{"line":164,"column":23},"end":{"line":200,"column":4}},"85":{"start":{"line":165,"column":15},"end":{"line":165,"column":17}},"86":{"start":{"line":166,"column":4},"end":{"line":168,"column":7}},"87":{"start":{"line":167,"column":6},"end":{"line":167,"column":20}},"88":{"start":{"line":169,"column":4},"end":{"line":199,"column":7}},"89":{"start":{"line":170,"column":23},"end":{"line":170,"column":39}},"90":{"start":{"line":171,"column":6},"end":{"line":171,"column":85}},"91":{"start":{"line":174,"column":6},"end":{"line":178,"column":7}},"92":{"start":{"line":175,"column":8},"end":{"line":175,"column":75}},"93":{"start":{"line":177,"column":8},"end":{"line":177,"column":104}},"94":{"start":{"line":179,"column":6},"end":{"line":179,"column":101}},"95":{"start":{"line":181,"column":21},"end":{"line":181,"column":23}},"96":{"start":{"line":182,"column":32},"end":{"line":182,"column":34}},"97":{"start":{"line":184,"column":6},"end":{"line":191,"column":7}},"98":{"start":{"line":185,"column":32},"end":{"line":185,"column":135}},"99":{"start":{"line":186,"column":8},"end":{"line":190,"column":9}},"100":{"start":{"line":187,"column":10},"end":{"line":187,"column":45}},"101":{"start":{"line":189,"column":10},"end":{"line":189,"column":50}},"102":{"start":{"line":193,"column":6},"end":{"line":195,"column":7}},"103":{"start":{"line":194,"column":8},"end":{"line":194,"column":114}},"104":{"start":{"line":198,"column":6},"end":{"line":198,"column":46}},"105":{"start":{"line":202,"column":2},"end":{"line":204,"column":5}},"106":{"start":{"line":203,"column":4},"end":{"line":203,"column":99}},"107":{"start":{"line":206,"column":2},"end":{"line":206,"column":34}},"108":{"start":{"line":207,"column":2},"end":{"line":207,"column":21}},"109":{"start":{"line":211,"column":29},"end":{"line":223,"column":1}},"110":{"start":{"line":212,"column":17},"end":{"line":212,"column":48}},"111":{"start":{"line":214,"column":21},"end":{"line":214,"column":65}},"112":{"start":{"line":216,"column":2},"end":{"line":222,"column":3}},"113":{"start":{"line":217,"column":4},"end":{"line":217,"column":61}},"114":{"start":{"line":218,"column":9},"end":{"line":222,"column":3}},"115":{"start":{"line":219,"column":4},"end":{"line":219,"column":70}},"116":{"start":{"line":221,"column":4},"end":{"line":221,"column":63}},"117":{"start":{"line":226,"column":28},"end":{"line":249,"column":1}},"118":{"start":{"line":227,"column":18},"end":{"line":227,"column":31}},"119":{"start":{"line":228,"column":36},"end":{"line":228,"column":44}},"120":{"start":{"line":230,"column":24},"end":{"line":230,"column":80}},"121":{"start":{"line":232,"column":2},"end":{"line":248,"column":3}},"122":{"start":{"line":233,"column":4},"end":{"line":233,"column":58}},"123":{"start":{"line":235,"column":26},"end":{"line":235,"column":155}},"124":{"start":{"line":236,"column":4},"end":{"line":236,"column":46}},"125":{"start":{"line":238,"column":4},"end":{"line":242,"column":5}},"126":{"start":{"line":239,"column":6},"end":{"line":239,"column":90}},"127":{"start":{"line":241,"column":6},"end":{"line":241,"column":90}},"128":{"start":{"line":243,"column":4},"end":{"line":247,"column":5}},"129":{"start":{"line":244,"column":6},"end":{"line":244,"column":51}},"130":{"start":{"line":246,"column":6},"end":{"line":246,"column":46}},"131":{"start":{"line":257,"column":0},"end":{"line":266,"column":2}}},"fnMap":{"0":{"name":"(anonymous_0)","decl":{"start":{"line":12,"column":21},"end":{"line":12,"column":22}},"loc":{"start":{"line":12,"column":41},"end":{"line":24,"column":3}},"line":12},"1":{"name":"(anonymous_1)","decl":{"start":{"line":27,"column":25},"end":{"line":27,"column":26}},"loc":{"start":{"line":27,"column":45},"end":{"line":79,"column":1}},"line":27},"2":{"name":"(anonymous_2)","decl":{"start":{"line":84,"column":24},"end":{"line":84,"column":25}},"loc":{"start":{"line":84,"column":44},"end":{"line":107,"column":1}},"line":84},"3":{"name":"(anonymous_3)","decl":{"start":{"line":109,"column":44},"end":{"line":109,"column":45}},"loc":{"start":{"line":109,"column":64},"end":{"line":122,"column":1}},"line":109},"4":{"name":"(anonymous_4)","decl":{"start":{"line":124,"column":24},"end":{"line":124,"column":25}},"loc":{"start":{"line":124,"column":44},"end":{"line":135,"column":1}},"line":124},"5":{"name":"(anonymous_5)","decl":{"start":{"line":137,"column":24},"end":{"line":137,"column":25}},"loc":{"start":{"line":137,"column":44},"end":{"line":208,"column":1}},"line":137},"6":{"name":"(anonymous_6)","decl":{"start":{"line":164,"column":46},"end":{"line":164,"column":47}},"loc":{"start":{"line":164,"column":60},"end":{"line":200,"column":3}},"line":164},"7":{"name":"(anonymous_7)","decl":{"start":{"line":166,"column":24},"end":{"line":166,"column":25}},"loc":{"start":{"line":166,"column":35},"end":{"line":168,"column":5}},"line":166},"8":{"name":"(anonymous_8)","decl":{"start":{"line":169,"column":23},"end":{"line":169,"column":24}},"loc":{"start":{"line":169,"column":35},"end":{"line":199,"column":5}},"line":169},"9":{"name":"(anonymous_9)","decl":{"start":{"line":202,"column":27},"end":{"line":202,"column":28}},"loc":{"start":{"line":202,"column":38},"end":{"line":204,"column":3}},"line":202},"10":{"name":"(anonymous_10)","decl":{"start":{"line":211,"column":29},"end":{"line":211,"column":30}},"loc":{"start":{"line":211,"column":49},"end":{"line":223,"column":1}},"line":211},"11":{"name":"(anonymous_11)","decl":{"start":{"line":226,"column":28},"end":{"line":226,"column":29}},"loc":{"start":{"line":226,"column":48},"end":{"line":249,"column":1}},"line":226}},"branchMap":{"0":{"loc":{"start":{"line":17,"column":4},"end":{"line":23,"column":5}},"type":"if","locations":[{"start":{"line":17,"column":4},"end":{"line":23,"column":5}},{"start":{"line":19,"column":11},"end":{"line":23,"column":5}}],"line":17},"1":{"loc":{"start":{"line":19,"column":11},"end":{"line":23,"column":5}},"type":"if","locations":[{"start":{"line":19,"column":11},"end":{"line":23,"column":5}},{"start":{"line":21,"column":11},"end":{"line":23,"column":5}}],"line":19},"2":{"loc":{"start":{"line":39,"column":2},"end":{"line":41,"column":3}},"type":"if","locations":[{"start":{"line":39,"column":2},"end":{"line":41,"column":3}},{"start":{},"end":{}}],"line":39},"3":{"loc":{"start":{"line":39,"column":6},"end":{"line":39,"column":66}},"type":"binary-expr","locations":[{"start":{"line":39,"column":6},"end":{"line":39,"column":12}},{"start":{"line":39,"column":16},"end":{"line":39,"column":27}},{"start":{"line":39,"column":31},"end":{"line":39,"column":44}},{"start":{"line":39,"column":48},"end":{"line":39,"column":66}}],"line":39},"4":{"loc":{"start":{"line":40,"column":41},"end":{"line":40,"column":74}},"type":"binary-expr","locations":[{"start":{"line":40,"column":41},"end":{"line":40,"column":52}},{"start":{"line":40,"column":56},"end":{"line":40,"column":74}}],"line":40},"5":{"loc":{"start":{"line":46,"column":2},"end":{"line":78,"column":3}},"type":"if","locations":[{"start":{"line":46,"column":2},"end":{"line":78,"column":3}},{"start":{"line":48,"column":9},"end":{"line":78,"column":3}}],"line":46},"6":{"loc":{"start":{"line":48,"column":9},"end":{"line":78,"column":3}},"type":"if","locations":[{"start":{"line":48,"column":9},"end":{"line":78,"column":3}},{"start":{"line":50,"column":9},"end":{"line":78,"column":3}}],"line":48},"7":{"loc":{"start":{"line":55,"column":4},"end":{"line":77,"column":5}},"type":"if","locations":[{"start":{"line":55,"column":4},"end":{"line":77,"column":5}},{"start":{"line":75,"column":11},"end":{"line":77,"column":5}}],"line":55},"8":{"loc":{"start":{"line":60,"column":6},"end":{"line":74,"column":7}},"type":"if","locations":[{"start":{"line":60,"column":6},"end":{"line":74,"column":7}},{"start":{"line":62,"column":13},"end":{"line":74,"column":7}}],"line":60},"9":{"loc":{"start":{"line":67,"column":8},"end":{"line":73,"column":9}},"type":"if","locations":[{"start":{"line":67,"column":8},"end":{"line":73,"column":9}},{"start":{"line":69,"column":15},"end":{"line":73,"column":9}}],"line":67},"10":{"loc":{"start":{"line":69,"column":15},"end":{"line":73,"column":9}},"type":"if","locations":[{"start":{"line":69,"column":15},"end":{"line":73,"column":9}},{"start":{"line":71,"column":15},"end":{"line":73,"column":9}}],"line":69},"11":{"loc":{"start":{"line":90,"column":2},"end":{"line":106,"column":3}},"type":"if","locations":[{"start":{"line":90,"column":2},"end":{"line":106,"column":3}},{"start":{"line":92,"column":9},"end":{"line":106,"column":3}}],"line":90},"12":{"loc":{"start":{"line":96,"column":4},"end":{"line":100,"column":5}},"type":"if","locations":[{"start":{"line":96,"column":4},"end":{"line":100,"column":5}},{"start":{"line":98,"column":11},"end":{"line":100,"column":5}}],"line":96},"13":{"loc":{"start":{"line":101,"column":4},"end":{"line":105,"column":5}},"type":"if","locations":[{"start":{"line":101,"column":4},"end":{"line":105,"column":5}},{"start":{"line":103,"column":11},"end":{"line":105,"column":5}}],"line":101},"14":{"loc":{"start":{"line":115,"column":2},"end":{"line":121,"column":3}},"type":"if","locations":[{"start":{"line":115,"column":2},"end":{"line":121,"column":3}},{"start":{"line":117,"column":9},"end":{"line":121,"column":3}}],"line":115},"15":{"loc":{"start":{"line":117,"column":9},"end":{"line":121,"column":3}},"type":"if","locations":[{"start":{"line":117,"column":9},"end":{"line":121,"column":3}},{"start":{"line":119,"column":9},"end":{"line":121,"column":3}}],"line":117},"16":{"loc":{"start":{"line":130,"column":2},"end":{"line":134,"column":3}},"type":"if","locations":[{"start":{"line":130,"column":2},"end":{"line":134,"column":3}},{"start":{"line":132,"column":9},"end":{"line":134,"column":3}}],"line":130},"17":{"loc":{"start":{"line":186,"column":8},"end":{"line":190,"column":9}},"type":"if","locations":[{"start":{"line":186,"column":8},"end":{"line":190,"column":9}},{"start":{"line":188,"column":15},"end":{"line":190,"column":9}}],"line":186},"18":{"loc":{"start":{"line":193,"column":6},"end":{"line":195,"column":7}},"type":"if","locations":[{"start":{"line":193,"column":6},"end":{"line":195,"column":7}},{"start":{},"end":{}}],"line":193},"19":{"loc":{"start":{"line":216,"column":2},"end":{"line":222,"column":3}},"type":"if","locations":[{"start":{"line":216,"column":2},"end":{"line":222,"column":3}},{"start":{"line":218,"column":9},"end":{"line":222,"column":3}}],"line":216},"20":{"loc":{"start":{"line":218,"column":9},"end":{"line":222,"column":3}},"type":"if","locations":[{"start":{"line":218,"column":9},"end":{"line":222,"column":3}},{"start":{"line":220,"column":9},"end":{"line":222,"column":3}}],"line":218},"21":{"loc":{"start":{"line":218,"column":13},"end":{"line":218,"column":51}},"type":"binary-expr","locations":[{"start":{"line":218,"column":13},"end":{"line":218,"column":24}},{"start":{"line":218,"column":28},"end":{"line":218,"column":51}}],"line":218},"22":{"loc":{"start":{"line":232,"column":2},"end":{"line":248,"column":3}},"type":"if","locations":[{"start":{"line":232,"column":2},"end":{"line":248,"column":3}},{"start":{"line":234,"column":9},"end":{"line":248,"column":3}}],"line":232},"23":{"loc":{"start":{"line":238,"column":4},"end":{"line":242,"column":5}},"type":"if","locations":[{"start":{"line":238,"column":4},"end":{"line":242,"column":5}},{"start":{"line":240,"column":11},"end":{"line":242,"column":5}}],"line":238},"24":{"loc":{"start":{"line":243,"column":4},"end":{"line":247,"column":5}},"type":"if","locations":[{"start":{"line":243,"column":4},"end":{"line":247,"column":5}},{"start":{"line":245,"column":11},"end":{"line":247,"column":5}}],"line":243}},"s":{"0":2,"1":2,"2":2,"3":2,"4":2,"5":2,"6":2,"7":0,"8":0,"9":0,"10":0,"11":0,"12":0,"13":0,"14":2,"15":0,"16":0,"17":0,"18":0,"19":0,"20":0,"21":0,"22":0,"23":0,"24":0,"25":0,"26":0,"27":0,"28":0,"29":0,"30":0,"31":0,"32":0,"33":0,"34":0,"35":0,"36":0,"37":0,"38":0,"39":0,"40":0,"41":0,"42":0,"43":0,"44":2,"45":0,"46":0,"47":0,"48":0,"49":0,"50":0,"51":0,"52":0,"53":0,"54":0,"55":0,"56":0,"57":0,"58":2,"59":0,"60":0,"61":0,"62":0,"63":0,"64":0,"65":0,"66":0,"67":2,"68":1,"69":1,"70":1,"71":1,"72":1,"73":0,"74":2,"75":0,"76":0,"77":0,"78":0,"79":0,"80":0,"81":0,"82":0,"83":0,"84":0,"85":0,"86":0,"87":0,"88":0,"89":0,"90":0,"91":0,"92":0,"93":0,"94":0,"95":0,"96":0,"97":0,"98":0,"99":0,"100":0,"101":0,"102":0,"103":0,"104":0,"105":0,"106":0,"107":0,"108":0,"109":2,"110":0,"111":0,"112":0,"113":0,"114":0,"115":0,"116":0,"117":2,"118":0,"119":0,"120":0,"121":0,"122":0,"123":0,"124":0,"125":0,"126":0,"127":0,"128":0,"129":0,"130":0,"131":2},"f":{"0":0,"1":0,"2":0,"3":0,"4":1,"5":0,"6":0,"7":0,"8":0,"9":0,"10":0,"11":0},"b":{"0":[0,0],"1":[0,0],"2":[0,0],"3":[0,0,0,0],"4":[0,0],"5":[0,0],"6":[0,0],"7":[0,0],"8":[0,0],"9":[0,0],"10":[0,0],"11":[0,0],"12":[0,0],"13":[0,0],"14":[0,0],"15":[0,0],"16":[1,0],"17":[0,0],"18":[0,0],"19":[0,0],"20":[0,0],"21":[0,0],"22":[0,0],"23":[0,0],"24":[0,0]},"_coverageSchema":"1a1c01bbd47fc00a2c39e90264f33305004495a9","hash":"2ccf6efab149f3a9cc84a96f618c4bfa6af5570c"}
,"/home/laisjm/Desktop/liskov/lap3/debugging-dialects/backend/Controllers/students.js": {"path":"/home/laisjm/Desktop/liskov/lap3/debugging-dialects/backend/Controllers/students.js","statementMap":{"0":{"start":{"line":1,"column":15},"end":{"line":1,"column":32}},"1":{"start":{"line":2,"column":17},"end":{"line":2,"column":46}},"2":{"start":{"line":6,"column":24},"end":{"line":18,"column":1}},"3":{"start":{"line":7,"column":15},"end":{"line":7,"column":42}},"4":{"start":{"line":9,"column":20},"end":{"line":9,"column":47}},"5":{"start":{"line":11,"column":4},"end":{"line":17,"column":5}},"6":{"start":{"line":12,"column":6},"end":{"line":12,"column":52}},"7":{"start":{"line":13,"column":11},"end":{"line":17,"column":5}},"8":{"start":{"line":14,"column":6},"end":{"line":14,"column":58}},"9":{"start":{"line":16,"column":6},"end":{"line":16,"column":54}},"10":{"start":{"line":20,"column":22},"end":{"line":33,"column":1}},"11":{"start":{"line":21,"column":2},"end":{"line":32,"column":3}},"12":{"start":{"line":22,"column":17},"end":{"line":22,"column":25}},"13":{"start":{"line":24,"column":17},"end":{"line":24,"column":79}},"14":{"start":{"line":25,"column":4},"end":{"line":25,"column":65}},"15":{"start":{"line":28,"column":23},"end":{"line":28,"column":57}},"16":{"start":{"line":29,"column":4},"end":{"line":29,"column":37}},"17":{"start":{"line":31,"column":4},"end":{"line":31,"column":49}},"18":{"start":{"line":36,"column":31},"end":{"line":48,"column":1}},"19":{"start":{"line":37,"column":13},"end":{"line":37,"column":40}},"20":{"start":{"line":38,"column":18},"end":{"line":38,"column":52}},"21":{"start":{"line":39,"column":2},"end":{"line":39,"column":87}},"22":{"start":{"line":41,"column":2},"end":{"line":47,"column":3}},"23":{"start":{"line":42,"column":4},"end":{"line":42,"column":51}},"24":{"start":{"line":43,"column":9},"end":{"line":47,"column":3}},"25":{"start":{"line":44,"column":4},"end":{"line":44,"column":57}},"26":{"start":{"line":46,"column":4},"end":{"line":46,"column":61}},"27":{"start":{"line":50,"column":26},"end":{"line":61,"column":1}},"28":{"start":{"line":51,"column":13},"end":{"line":51,"column":40}},"29":{"start":{"line":52,"column":18},"end":{"line":52,"column":54}},"30":{"start":{"line":54,"column":2},"end":{"line":60,"column":3}},"31":{"start":{"line":55,"column":4},"end":{"line":55,"column":51}},"32":{"start":{"line":56,"column":9},"end":{"line":60,"column":3}},"33":{"start":{"line":57,"column":4},"end":{"line":57,"column":57}},"34":{"start":{"line":59,"column":4},"end":{"line":59,"column":34}},"35":{"start":{"line":66,"column":0},"end":{"line":71,"column":2}}},"fnMap":{"0":{"name":"(anonymous_0)","decl":{"start":{"line":6,"column":24},"end":{"line":6,"column":25}},"loc":{"start":{"line":6,"column":44},"end":{"line":18,"column":1}},"line":6},"1":{"name":"(anonymous_1)","decl":{"start":{"line":20,"column":22},"end":{"line":20,"column":23}},"loc":{"start":{"line":20,"column":42},"end":{"line":33,"column":1}},"line":20},"2":{"name":"(anonymous_2)","decl":{"start":{"line":36,"column":31},"end":{"line":36,"column":32}},"loc":{"start":{"line":36,"column":51},"end":{"line":48,"column":1}},"line":36},"3":{"name":"(anonymous_3)","decl":{"start":{"line":50,"column":26},"end":{"line":50,"column":27}},"loc":{"start":{"line":50,"column":46},"end":{"line":61,"column":1}},"line":50}},"branchMap":{"0":{"loc":{"start":{"line":11,"column":4},"end":{"line":17,"column":5}},"type":"if","locations":[{"start":{"line":11,"column":4},"end":{"line":17,"column":5}},{"start":{"line":13,"column":11},"end":{"line":17,"column":5}}],"line":11},"1":{"loc":{"start":{"line":13,"column":11},"end":{"line":17,"column":5}},"type":"if","locations":[{"start":{"line":13,"column":11},"end":{"line":17,"column":5}},{"start":{"line":15,"column":11},"end":{"line":17,"column":5}}],"line":13},"2":{"loc":{"start":{"line":41,"column":2},"end":{"line":47,"column":3}},"type":"if","locations":[{"start":{"line":41,"column":2},"end":{"line":47,"column":3}},{"start":{"line":43,"column":9},"end":{"line":47,"column":3}}],"line":41},"3":{"loc":{"start":{"line":43,"column":9},"end":{"line":47,"column":3}},"type":"if","locations":[{"start":{"line":43,"column":9},"end":{"line":47,"column":3}},{"start":{"line":45,"column":9},"end":{"line":47,"column":3}}],"line":43},"4":{"loc":{"start":{"line":54,"column":2},"end":{"line":60,"column":3}},"type":"if","locations":[{"start":{"line":54,"column":2},"end":{"line":60,"column":3}},{"start":{"line":56,"column":9},"end":{"line":60,"column":3}}],"line":54},"5":{"loc":{"start":{"line":56,"column":9},"end":{"line":60,"column":3}},"type":"if","locations":[{"start":{"line":56,"column":9},"end":{"line":60,"column":3}},{"start":{"line":58,"column":9},"end":{"line":60,"column":3}}],"line":56}},"s":{"0":2,"1":2,"2":2,"3":2,"4":2,"5":2,"6":1,"7":1,"8":0,"9":1,"10":2,"11":1,"12":1,"13":1,"14":1,"15":1,"16":1,"17":0,"18":2,"19":1,"20":1,"21":1,"22":1,"23":1,"24":0,"25":0,"26":0,"27":2,"28":2,"29":2,"30":2,"31":1,"32":1,"33":0,"34":1,"35":2},"f":{"0":2,"1":1,"2":1,"3":2},"b":{"0":[1,1],"1":[0,1],"2":[1,0],"3":[0,0],"4":[1,1],"5":[0,1]},"_coverageSchema":"1a1c01bbd47fc00a2c39e90264f33305004495a9","hash":"17c081d89d862718e8b58728ae15859f4ca29271"}
,"/home/laisjm/Desktop/liskov/lap3/debugging-dialects/backend/Controllers/teachers.js": {"path":"/home/laisjm/Desktop/liskov/lap3/debugging-dialects/backend/Controllers/teachers.js","statementMap":{"0":{"start":{"line":1,"column":15},"end":{"line":1,"column":32}},"1":{"start":{"line":3,"column":17},"end":{"line":3,"column":46}},"2":{"start":{"line":5,"column":22},"end":{"line":17,"column":1}},"3":{"start":{"line":6,"column":2},"end":{"line":16,"column":3}},"4":{"start":{"line":7,"column":17},"end":{"line":7,"column":25}},"5":{"start":{"line":9,"column":17},"end":{"line":9,"column":79}},"6":{"start":{"line":10,"column":4},"end":{"line":10,"column":65}},"7":{"start":{"line":12,"column":23},"end":{"line":12,"column":57}},"8":{"start":{"line":13,"column":4},"end":{"line":13,"column":37}},"9":{"start":{"line":15,"column":4},"end":{"line":15,"column":49}},"10":{"start":{"line":19,"column":26},"end":{"line":30,"column":1}},"11":{"start":{"line":20,"column":13},"end":{"line":20,"column":40}},"12":{"start":{"line":21,"column":18},"end":{"line":21,"column":54}},"13":{"start":{"line":23,"column":2},"end":{"line":29,"column":3}},"14":{"start":{"line":24,"column":4},"end":{"line":24,"column":51}},"15":{"start":{"line":25,"column":9},"end":{"line":29,"column":3}},"16":{"start":{"line":26,"column":4},"end":{"line":26,"column":57}},"17":{"start":{"line":28,"column":4},"end":{"line":28,"column":34}},"18":{"start":{"line":32,"column":29},"end":{"line":42,"column":1}},"19":{"start":{"line":33,"column":13},"end":{"line":33,"column":40}},"20":{"start":{"line":34,"column":15},"end":{"line":34,"column":23}},"21":{"start":{"line":35,"column":25},"end":{"line":35,"column":70}},"22":{"start":{"line":37,"column":2},"end":{"line":41,"column":3}},"23":{"start":{"line":38,"column":4},"end":{"line":38,"column":58}},"24":{"start":{"line":40,"column":4},"end":{"line":40,"column":41}},"25":{"start":{"line":45,"column":0},"end":{"line":49,"column":2}}},"fnMap":{"0":{"name":"(anonymous_0)","decl":{"start":{"line":5,"column":22},"end":{"line":5,"column":23}},"loc":{"start":{"line":5,"column":42},"end":{"line":17,"column":1}},"line":5},"1":{"name":"(anonymous_1)","decl":{"start":{"line":19,"column":26},"end":{"line":19,"column":27}},"loc":{"start":{"line":19,"column":46},"end":{"line":30,"column":1}},"line":19},"2":{"name":"(anonymous_2)","decl":{"start":{"line":32,"column":29},"end":{"line":32,"column":30}},"loc":{"start":{"line":32,"column":49},"end":{"line":42,"column":1}},"line":32}},"branchMap":{"0":{"loc":{"start":{"line":23,"column":2},"end":{"line":29,"column":3}},"type":"if","locations":[{"start":{"line":23,"column":2},"end":{"line":29,"column":3}},{"start":{"line":25,"column":9},"end":{"line":29,"column":3}}],"line":23},"1":{"loc":{"start":{"line":25,"column":9},"end":{"line":29,"column":3}},"type":"if","locations":[{"start":{"line":25,"column":9},"end":{"line":29,"column":3}},{"start":{"line":27,"column":9},"end":{"line":29,"column":3}}],"line":25},"2":{"loc":{"start":{"line":37,"column":2},"end":{"line":41,"column":3}},"type":"if","locations":[{"start":{"line":37,"column":2},"end":{"line":41,"column":3}},{"start":{"line":39,"column":9},"end":{"line":41,"column":3}}],"line":37}},"s":{"0":2,"1":2,"2":2,"3":1,"4":1,"5":1,"6":1,"7":1,"8":1,"9":0,"10":2,"11":1,"12":1,"13":1,"14":0,"15":1,"16":0,"17":1,"18":2,"19":1,"20":1,"21":1,"22":1,"23":0,"24":1,"25":2},"f":{"0":1,"1":1,"2":1},"b":{"0":[0,1],"1":[0,1],"2":[0,1]},"_coverageSchema":"1a1c01bbd47fc00a2c39e90264f33305004495a9","hash":"6211cc2616d9c1bd82d1674b6b55b9106ac59c9e"}
,"/home/laisjm/Desktop/liskov/lap3/debugging-dialects/backend/Controllers/users.js": {"path":"/home/laisjm/Desktop/liskov/lap3/debugging-dialects/backend/Controllers/users.js","statementMap":{"0":{"start":{"line":1,"column":15},"end":{"line":1,"column":32}},"1":{"start":{"line":3,"column":13},"end":{"line":3,"column":39}},"2":{"start":{"line":6,"column":4},"end":{"line":17,"column":5}},"3":{"start":{"line":7,"column":21},"end":{"line":7,"column":29}},"4":{"start":{"line":9,"column":21},"end":{"line":9,"column":83}},"5":{"start":{"line":10,"column":8},"end":{"line":10,"column":69}},"6":{"start":{"line":12,"column":23},"end":{"line":12,"column":46}},"7":{"start":{"line":13,"column":8},"end":{"line":13,"column":37}},"8":{"start":{"line":16,"column":8},"end":{"line":16,"column":52}},"9":{"start":{"line":21,"column":4},"end":{"line":37,"column":5}},"10":{"start":{"line":22,"column":21},"end":{"line":22,"column":29}},"11":{"start":{"line":25,"column":21},"end":{"line":25,"column":63}},"12":{"start":{"line":27,"column":30},"end":{"line":27,"column":83}},"13":{"start":{"line":30,"column":8},"end":{"line":34,"column":9}},"14":{"start":{"line":31,"column":12},"end":{"line":31,"column":53}},"15":{"start":{"line":33,"column":12},"end":{"line":33,"column":38}},"16":{"start":{"line":36,"column":8},"end":{"line":36,"column":52}},"17":{"start":{"line":40,"column":0},"end":{"line":40,"column":35}}},"fnMap":{"0":{"name":"register","decl":{"start":{"line":5,"column":15},"end":{"line":5,"column":23}},"loc":{"start":{"line":5,"column":34},"end":{"line":18,"column":1}},"line":5},"1":{"name":"login","decl":{"start":{"line":20,"column":15},"end":{"line":20,"column":20}},"loc":{"start":{"line":20,"column":31},"end":{"line":38,"column":1}},"line":20}},"branchMap":{"0":{"loc":{"start":{"line":30,"column":8},"end":{"line":34,"column":9}},"type":"if","locations":[{"start":{"line":30,"column":8},"end":{"line":34,"column":9}},{"start":{"line":32,"column":15},"end":{"line":34,"column":9}}],"line":30}},"s":{"0":2,"1":2,"2":0,"3":0,"4":0,"5":0,"6":0,"7":0,"8":0,"9":0,"10":0,"11":0,"12":0,"13":0,"14":0,"15":0,"16":0,"17":2},"f":{"0":0,"1":0},"b":{"0":[0,0]},"_coverageSchema":"1a1c01bbd47fc00a2c39e90264f33305004495a9","hash":"c782c14e2c707945c106a6b5003124f78d96ab48"}
,"/home/laisjm/Desktop/liskov/lap3/debugging-dialects/backend/Models/Users.js": {"path":"/home/laisjm/Desktop/liskov/lap3/debugging-dialects/backend/Models/Users.js","statementMap":{"0":{"start":{"line":1,"column":11},"end":{"line":1,"column":36}},"1":{"start":{"line":2,"column":21},"end":{"line":2,"column":36}},"2":{"start":{"line":6,"column":8},"end":{"line":6,"column":31}},"3":{"start":{"line":7,"column":8},"end":{"line":7,"column":33}},"4":{"start":{"line":8,"column":8},"end":{"line":8,"column":33}},"5":{"start":{"line":9,"column":8},"end":{"line":9,"column":27}},"6":{"start":{"line":10,"column":8},"end":{"line":10,"column":27}},"7":{"start":{"line":11,"column":8},"end":{"line":11,"column":25}},"8":{"start":{"line":12,"column":8},"end":{"line":12,"column":39}},"9":{"start":{"line":16,"column":25},"end":{"line":16,"column":87}},"10":{"start":{"line":17,"column":8},"end":{"line":19,"column":9}},"11":{"start":{"line":18,"column":12},"end":{"line":18,"column":54}},"12":{"start":{"line":20,"column":8},"end":{"line":20,"column":42}},"13":{"start":{"line":24,"column":25},"end":{"line":24,"column":94}},"14":{"start":{"line":25,"column":8},"end":{"line":27,"column":9}},"15":{"start":{"line":26,"column":12},"end":{"line":26,"column":54}},"16":{"start":{"line":28,"column":8},"end":{"line":28,"column":42}},"17":{"start":{"line":32,"column":65},"end":{"line":32,"column":69}},"18":{"start":{"line":33,"column":22},"end":{"line":33,"column":30}},"19":{"start":{"line":34,"column":23},"end":{"line":35,"column":66}},"20":{"start":{"line":36,"column":22},"end":{"line":36,"column":46}},"21":{"start":{"line":37,"column":24},"end":{"line":37,"column":52}},"22":{"start":{"line":38,"column":8},"end":{"line":38,"column":23}},"23":{"start":{"line":41,"column":0},"end":{"line":41,"column":22}}},"fnMap":{"0":{"name":"(anonymous_0)","decl":{"start":{"line":5,"column":4},"end":{"line":5,"column":5}},"loc":{"start":{"line":5,"column":80},"end":{"line":13,"column":5}},"line":5},"1":{"name":"(anonymous_1)","decl":{"start":{"line":15,"column":4},"end":{"line":15,"column":5}},"loc":{"start":{"line":15,"column":32},"end":{"line":21,"column":5}},"line":15},"2":{"name":"(anonymous_2)","decl":{"start":{"line":23,"column":4},"end":{"line":23,"column":5}},"loc":{"start":{"line":23,"column":44},"end":{"line":29,"column":5}},"line":23},"3":{"name":"(anonymous_3)","decl":{"start":{"line":31,"column":4},"end":{"line":31,"column":5}},"loc":{"start":{"line":31,"column":30},"end":{"line":39,"column":5}},"line":31}},"branchMap":{"0":{"loc":{"start":{"line":17,"column":8},"end":{"line":19,"column":9}},"type":"if","locations":[{"start":{"line":17,"column":8},"end":{"line":19,"column":9}},{"start":{},"end":{}}],"line":17},"1":{"loc":{"start":{"line":25,"column":8},"end":{"line":27,"column":9}},"type":"if","locations":[{"start":{"line":25,"column":8},"end":{"line":27,"column":9}},{"start":{},"end":{}}],"line":25}},"s":{"0":2,"1":2,"2":0,"3":0,"4":0,"5":0,"6":0,"7":0,"8":0,"9":0,"10":0,"11":0,"12":0,"13":0,"14":0,"15":0,"16":0,"17":0,"18":0,"19":0,"20":0,"21":0,"22":0,"23":2},"f":{"0":0,"1":0,"2":0,"3":0},"b":{"0":[0,0],"1":[0,0]},"_coverageSchema":"1a1c01bbd47fc00a2c39e90264f33305004495a9","hash":"5a52601ab30254b1ba698454dfc802980cf1de9f"}
,"/home/laisjm/Desktop/liskov/lap3/debugging-dialects/backend/Models/flashcards.js": {"path":"/home/laisjm/Desktop/liskov/lap3/debugging-dialects/backend/Models/flashcards.js","statementMap":{"0":{"start":{"line":1,"column":11},"end":{"line":1,"column":36}},"1":{"start":{"line":2,"column":12},"end":{"line":2,"column":35}},"2":{"start":{"line":3,"column":14},"end":{"line":3,"column":30}},"3":{"start":{"line":4,"column":0},"end":{"line":4,"column":26}},"4":{"start":{"line":6,"column":21},"end":{"line":6,"column":45}},"5":{"start":{"line":8,"column":18},"end":{"line":308,"column":1}},"6":{"start":{"line":11,"column":4},"end":{"line":21,"column":5}},"7":{"start":{"line":12,"column":24},"end":{"line":12,"column":96}},"8":{"start":{"line":13,"column":6},"end":{"line":17,"column":7}},"9":{"start":{"line":14,"column":8},"end":{"line":14,"column":33}},"10":{"start":{"line":16,"column":8},"end":{"line":16,"column":48}},"11":{"start":{"line":19,"column":6},"end":{"line":19,"column":25}},"12":{"start":{"line":20,"column":6},"end":{"line":20,"column":36}},"13":{"start":{"line":26,"column":2},"end":{"line":48,"column":3}},"14":{"start":{"line":27,"column":19},"end":{"line":41,"column":37}},"15":{"start":{"line":42,"column":4},"end":{"line":42,"column":84}},"16":{"start":{"line":44,"column":4},"end":{"line":44,"column":23}},"17":{"start":{"line":46,"column":4},"end":{"line":46,"column":23}},"18":{"start":{"line":47,"column":4},"end":{"line":47,"column":34}},"19":{"start":{"line":55,"column":2},"end":{"line":78,"column":3}},"20":{"start":{"line":56,"column":19},"end":{"line":62,"column":26}},"21":{"start":{"line":63,"column":4},"end":{"line":74,"column":5}},"22":{"start":{"line":64,"column":6},"end":{"line":64,"column":28}},"23":{"start":{"line":67,"column":6},"end":{"line":73,"column":8}},"24":{"start":{"line":76,"column":4},"end":{"line":76,"column":23}},"25":{"start":{"line":77,"column":4},"end":{"line":77,"column":34}},"26":{"start":{"line":82,"column":2},"end":{"line":91,"column":3}},"27":{"start":{"line":83,"column":19},"end":{"line":86,"column":5}},"28":{"start":{"line":87,"column":4},"end":{"line":87,"column":26}},"29":{"start":{"line":89,"column":4},"end":{"line":89,"column":23}},"30":{"start":{"line":90,"column":4},"end":{"line":90,"column":34}},"31":{"start":{"line":95,"column":4},"end":{"line":104,"column":5}},"32":{"start":{"line":96,"column":21},"end":{"line":99,"column":7}},"33":{"start":{"line":100,"column":6},"end":{"line":100,"column":28}},"34":{"start":{"line":102,"column":6},"end":{"line":102,"column":25}},"35":{"start":{"line":103,"column":6},"end":{"line":103,"column":36}},"36":{"start":{"line":109,"column":2},"end":{"line":124,"column":3}},"37":{"start":{"line":110,"column":19},"end":{"line":118,"column":25}},"38":{"start":{"line":120,"column":4},"end":{"line":120,"column":23}},"39":{"start":{"line":122,"column":4},"end":{"line":122,"column":23}},"40":{"start":{"line":123,"column":4},"end":{"line":123,"column":34}},"41":{"start":{"line":132,"column":2},"end":{"line":183,"column":3}},"42":{"start":{"line":134,"column":21},"end":{"line":134,"column":138}},"43":{"start":{"line":136,"column":19},"end":{"line":136,"column":23}},"44":{"start":{"line":138,"column":4},"end":{"line":144,"column":5}},"45":{"start":{"line":139,"column":26},"end":{"line":139,"column":54}},"46":{"start":{"line":140,"column":6},"end":{"line":143,"column":7}},"47":{"start":{"line":141,"column":8},"end":{"line":141,"column":37}},"48":{"start":{"line":142,"column":8},"end":{"line":142,"column":14}},"49":{"start":{"line":146,"column":4},"end":{"line":148,"column":5}},"50":{"start":{"line":147,"column":6},"end":{"line":147,"column":181}},"51":{"start":{"line":151,"column":24},"end":{"line":151,"column":28}},"52":{"start":{"line":152,"column":16},"end":{"line":152,"column":20}},"53":{"start":{"line":154,"column":4},"end":{"line":160,"column":3}},"54":{"start":{"line":155,"column":33},"end":{"line":155,"column":108}},"55":{"start":{"line":156,"column":6},"end":{"line":156,"column":90}},"56":{"start":{"line":157,"column":6},"end":{"line":157,"column":105}},"57":{"start":{"line":158,"column":6},"end":{"line":158,"column":72}},"58":{"start":{"line":159,"column":6},"end":{"line":159,"column":89}},"59":{"start":{"line":164,"column":22},"end":{"line":167,"column":5}},"60":{"start":{"line":170,"column":4},"end":{"line":179,"column":5}},"61":{"start":{"line":171,"column":26},"end":{"line":171,"column":56}},"62":{"start":{"line":172,"column":22},"end":{"line":175,"column":7}},"63":{"start":{"line":176,"column":6},"end":{"line":176,"column":29}},"64":{"start":{"line":178,"column":6},"end":{"line":178,"column":51}},"65":{"start":{"line":181,"column":4},"end":{"line":181,"column":23}},"66":{"start":{"line":182,"column":4},"end":{"line":182,"column":34}},"67":{"start":{"line":190,"column":2},"end":{"line":210,"column":3}},"68":{"start":{"line":191,"column":19},"end":{"line":204,"column":16}},"69":{"start":{"line":206,"column":4},"end":{"line":206,"column":23}},"70":{"start":{"line":208,"column":4},"end":{"line":208,"column":23}},"71":{"start":{"line":209,"column":4},"end":{"line":209,"column":34}},"72":{"start":{"line":216,"column":2},"end":{"line":239,"column":3}},"73":{"start":{"line":217,"column":19},"end":{"line":223,"column":26}},"74":{"start":{"line":224,"column":4},"end":{"line":235,"column":5}},"75":{"start":{"line":225,"column":6},"end":{"line":225,"column":28}},"76":{"start":{"line":228,"column":6},"end":{"line":234,"column":8}},"77":{"start":{"line":237,"column":4},"end":{"line":237,"column":23}},"78":{"start":{"line":238,"column":4},"end":{"line":238,"column":34}},"79":{"start":{"line":243,"column":2},"end":{"line":252,"column":3}},"80":{"start":{"line":244,"column":19},"end":{"line":247,"column":5}},"81":{"start":{"line":248,"column":4},"end":{"line":248,"column":26}},"82":{"start":{"line":250,"column":4},"end":{"line":250,"column":23}},"83":{"start":{"line":251,"column":4},"end":{"line":251,"column":34}},"84":{"start":{"line":256,"column":2},"end":{"line":265,"column":3}},"85":{"start":{"line":257,"column":19},"end":{"line":260,"column":5}},"86":{"start":{"line":261,"column":4},"end":{"line":261,"column":26}},"87":{"start":{"line":263,"column":4},"end":{"line":263,"column":23}},"88":{"start":{"line":264,"column":4},"end":{"line":264,"column":34}},"89":{"start":{"line":271,"column":2},"end":{"line":284,"column":3}},"90":{"start":{"line":272,"column":19},"end":{"line":277,"column":5}},"91":{"start":{"line":278,"column":4},"end":{"line":278,"column":95}},"92":{"start":{"line":280,"column":4},"end":{"line":280,"column":82}},"93":{"start":{"line":282,"column":4},"end":{"line":282,"column":23}},"94":{"start":{"line":283,"column":4},"end":{"line":283,"column":34}},"95":{"start":{"line":290,"column":2},"end":{"line":304,"column":3}},"96":{"start":{"line":291,"column":19},"end":{"line":294,"column":5}},"97":{"start":{"line":296,"column":4},"end":{"line":300,"column":5}},"98":{"start":{"line":297,"column":6},"end":{"line":297,"column":28}},"99":{"start":{"line":299,"column":6},"end":{"line":299,"column":57}},"100":{"start":{"line":302,"column":4},"end":{"line":302,"column":23}},"101":{"start":{"line":303,"column":4},"end":{"line":303,"column":34}},"102":{"start":{"line":309,"column":0},"end":{"line":309,"column":27}}},"fnMap":{"0":{"name":"(anonymous_0)","decl":{"start":{"line":10,"column":11},"end":{"line":10,"column":12}},"loc":{"start":{"line":10,"column":25},"end":{"line":22,"column":3}},"line":10},"1":{"name":"(anonymous_1)","decl":{"start":{"line":25,"column":18},"end":{"line":25,"column":19}},"loc":{"start":{"line":25,"column":57},"end":{"line":49,"column":1}},"line":25},"2":{"name":"(anonymous_2)","decl":{"start":{"line":54,"column":11},"end":{"line":54,"column":12}},"loc":{"start":{"line":54,"column":39},"end":{"line":79,"column":1}},"line":54},"3":{"name":"(anonymous_3)","decl":{"start":{"line":81,"column":14},"end":{"line":81,"column":15}},"loc":{"start":{"line":81,"column":50},"end":{"line":92,"column":1}},"line":81},"4":{"name":"(anonymous_4)","decl":{"start":{"line":94,"column":16},"end":{"line":94,"column":17}},"loc":{"start":{"line":94,"column":52},"end":{"line":105,"column":3}},"line":94},"5":{"name":"(anonymous_5)","decl":{"start":{"line":108,"column":26},"end":{"line":108,"column":27}},"loc":{"start":{"line":108,"column":53},"end":{"line":125,"column":1}},"line":108},"6":{"name":"(anonymous_6)","decl":{"start":{"line":131,"column":21},"end":{"line":131,"column":22}},"loc":{"start":{"line":131,"column":66},"end":{"line":184,"column":1}},"line":131},"7":{"name":"(anonymous_7)","decl":{"start":{"line":189,"column":22},"end":{"line":189,"column":23}},"loc":{"start":{"line":189,"column":40},"end":{"line":211,"column":1}},"line":189},"8":{"name":"(anonymous_8)","decl":{"start":{"line":215,"column":24},"end":{"line":215,"column":25}},"loc":{"start":{"line":215,"column":52},"end":{"line":240,"column":1}},"line":215},"9":{"name":"(anonymous_9)","decl":{"start":{"line":242,"column":27},"end":{"line":242,"column":28}},"loc":{"start":{"line":242,"column":63},"end":{"line":253,"column":1}},"line":242},"10":{"name":"(anonymous_10)","decl":{"start":{"line":255,"column":27},"end":{"line":255,"column":28}},"loc":{"start":{"line":255,"column":63},"end":{"line":266,"column":1}},"line":255},"11":{"name":"(anonymous_11)","decl":{"start":{"line":270,"column":28},"end":{"line":270,"column":29}},"loc":{"start":{"line":270,"column":67},"end":{"line":285,"column":1}},"line":270},"12":{"name":"(anonymous_12)","decl":{"start":{"line":289,"column":13},"end":{"line":289,"column":14}},"loc":{"start":{"line":289,"column":41},"end":{"line":305,"column":1}},"line":289}},"branchMap":{"0":{"loc":{"start":{"line":13,"column":6},"end":{"line":17,"column":7}},"type":"if","locations":[{"start":{"line":13,"column":6},"end":{"line":17,"column":7}},{"start":{"line":15,"column":13},"end":{"line":17,"column":7}}],"line":13},"1":{"loc":{"start":{"line":63,"column":4},"end":{"line":74,"column":5}},"type":"if","locations":[{"start":{"line":63,"column":4},"end":{"line":74,"column":5}},{"start":{"line":65,"column":11},"end":{"line":74,"column":5}}],"line":63},"2":{"loc":{"start":{"line":140,"column":6},"end":{"line":143,"column":7}},"type":"if","locations":[{"start":{"line":140,"column":6},"end":{"line":143,"column":7}},{"start":{},"end":{}}],"line":140},"3":{"loc":{"start":{"line":146,"column":4},"end":{"line":148,"column":5}},"type":"if","locations":[{"start":{"line":146,"column":4},"end":{"line":148,"column":5}},{"start":{},"end":{}}],"line":146},"4":{"loc":{"start":{"line":154,"column":4},"end":{"line":160,"column":3}},"type":"if","locations":[{"start":{"line":154,"column":4},"end":{"line":160,"column":3}},{"start":{},"end":{}}],"line":154},"5":{"loc":{"start":{"line":158,"column":14},"end":{"line":158,"column":71}},"type":"binary-expr","locations":[{"start":{"line":158,"column":14},"end":{"line":158,"column":61}},{"start":{"line":158,"column":65},"end":{"line":158,"column":71}}],"line":158},"6":{"loc":{"start":{"line":170,"column":4},"end":{"line":179,"column":5}},"type":"if","locations":[{"start":{"line":170,"column":4},"end":{"line":179,"column":5}},{"start":{"line":177,"column":11},"end":{"line":179,"column":5}}],"line":170},"7":{"loc":{"start":{"line":224,"column":4},"end":{"line":235,"column":5}},"type":"if","locations":[{"start":{"line":224,"column":4},"end":{"line":235,"column":5}},{"start":{"line":226,"column":11},"end":{"line":235,"column":5}}],"line":224},"8":{"loc":{"start":{"line":296,"column":4},"end":{"line":300,"column":5}},"type":"if","locations":[{"start":{"line":296,"column":4},"end":{"line":300,"column":5}},{"start":{"line":298,"column":11},"end":{"line":300,"column":5}}],"line":296}},"s":{"0":2,"1":2,"2":2,"3":2,"4":2,"5":2,"6":0,"7":0,"8":0,"9":0,"10":0,"11":0,"12":0,"13":0,"14":0,"15":0,"16":0,"17":0,"18":0,"19":0,"20":0,"21":0,"22":0,"23":0,"24":0,"25":0,"26":0,"27":0,"28":0,"29":0,"30":0,"31":0,"32":0,"33":0,"34":0,"35":0,"36":0,"37":0,"38":0,"39":0,"40":0,"41":1,"42":1,"43":0,"44":0,"45":0,"46":0,"47":0,"48":0,"49":0,"50":0,"51":0,"52":0,"53":0,"54":0,"55":0,"56":0,"57":0,"58":0,"59":0,"60":0,"61":0,"62":0,"63":0,"64":0,"65":1,"66":1,"67":0,"68":0,"69":0,"70":0,"71":0,"72":0,"73":0,"74":0,"75":0,"76":0,"77":0,"78":0,"79":0,"80":0,"81":0,"82":0,"83":0,"84":0,"85":0,"86":0,"87":0,"88":0,"89":0,"90":0,"91":0,"92":0,"93":0,"94":0,"95":0,"96":0,"97":0,"98":0,"99":0,"100":0,"101":0,"102":2},"f":{"0":0,"1":0,"2":0,"3":0,"4":0,"5":0,"6":1,"7":0,"8":0,"9":0,"10":0,"11":0,"12":0},"b":{"0":[0,0],"1":[0,0],"2":[0,0],"3":[0,0],"4":[0,0],"5":[0,0],"6":[0,0],"7":[0,0],"8":[0,0]},"_coverageSchema":"1a1c01bbd47fc00a2c39e90264f33305004495a9","hash":"1ba3810711f5d8d9070946578294587b52575279"}
,"/home/laisjm/Desktop/liskov/lap3/debugging-dialects/backend/Models/students.js": {"path":"/home/laisjm/Desktop/liskov/lap3/debugging-dialects/backend/Models/students.js","statementMap":{"0":{"start":{"line":1,"column":11},"end":{"line":1,"column":36}},"1":{"start":{"line":2,"column":15},"end":{"line":2,"column":32}},"2":{"start":{"line":4,"column":17},"end":{"line":76,"column":1}},"3":{"start":{"line":7,"column":4},"end":{"line":18,"column":5}},"4":{"start":{"line":8,"column":22},"end":{"line":8,"column":102}},"5":{"start":{"line":10,"column":6},"end":{"line":14,"column":7}},"6":{"start":{"line":11,"column":8},"end":{"line":11,"column":45}},"7":{"start":{"line":13,"column":8},"end":{"line":13,"column":46}},"8":{"start":{"line":16,"column":6},"end":{"line":16,"column":25}},"9":{"start":{"line":17,"column":6},"end":{"line":17,"column":36}},"10":{"start":{"line":22,"column":71},"end":{"line":22,"column":75}},"11":{"start":{"line":24,"column":4},"end":{"line":39,"column":5}},"12":{"start":{"line":25,"column":19},"end":{"line":28,"column":7}},"13":{"start":{"line":30,"column":22},"end":{"line":33,"column":7}},"14":{"start":{"line":35,"column":6},"end":{"line":35,"column":62}},"15":{"start":{"line":37,"column":6},"end":{"line":37,"column":25}},"16":{"start":{"line":38,"column":6},"end":{"line":38,"column":36}},"17":{"start":{"line":43,"column":4},"end":{"line":54,"column":5}},"18":{"start":{"line":44,"column":22},"end":{"line":44,"column":110}},"19":{"start":{"line":46,"column":6},"end":{"line":50,"column":7}},"20":{"start":{"line":47,"column":8},"end":{"line":47,"column":53}},"21":{"start":{"line":49,"column":8},"end":{"line":49,"column":46}},"22":{"start":{"line":52,"column":6},"end":{"line":52,"column":25}},"23":{"start":{"line":53,"column":6},"end":{"line":53,"column":36}},"24":{"start":{"line":58,"column":4},"end":{"line":72,"column":5}},"25":{"start":{"line":59,"column":22},"end":{"line":62,"column":7}},"26":{"start":{"line":64,"column":6},"end":{"line":68,"column":7}},"27":{"start":{"line":65,"column":8},"end":{"line":65,"column":31}},"28":{"start":{"line":67,"column":8},"end":{"line":67,"column":46}},"29":{"start":{"line":70,"column":6},"end":{"line":70,"column":25}},"30":{"start":{"line":71,"column":6},"end":{"line":71,"column":36}},"31":{"start":{"line":78,"column":0},"end":{"line":78,"column":26}}},"fnMap":{"0":{"name":"(anonymous_0)","decl":{"start":{"line":6,"column":12},"end":{"line":6,"column":13}},"loc":{"start":{"line":6,"column":26},"end":{"line":19,"column":3}},"line":6},"1":{"name":"(anonymous_1)","decl":{"start":{"line":21,"column":19},"end":{"line":21,"column":20}},"loc":{"start":{"line":21,"column":35},"end":{"line":40,"column":3}},"line":21},"2":{"name":"(anonymous_2)","decl":{"start":{"line":42,"column":19},"end":{"line":42,"column":20}},"loc":{"start":{"line":42,"column":33},"end":{"line":55,"column":3}},"line":42},"3":{"name":"(anonymous_3)","decl":{"start":{"line":57,"column":21},"end":{"line":57,"column":22}},"loc":{"start":{"line":57,"column":35},"end":{"line":73,"column":3}},"line":57}},"branchMap":{"0":{"loc":{"start":{"line":10,"column":6},"end":{"line":14,"column":7}},"type":"if","locations":[{"start":{"line":10,"column":6},"end":{"line":14,"column":7}},{"start":{"line":12,"column":13},"end":{"line":14,"column":7}}],"line":10},"1":{"loc":{"start":{"line":46,"column":6},"end":{"line":50,"column":7}},"type":"if","locations":[{"start":{"line":46,"column":6},"end":{"line":50,"column":7}},{"start":{"line":48,"column":13},"end":{"line":50,"column":7}}],"line":46},"2":{"loc":{"start":{"line":64,"column":6},"end":{"line":68,"column":7}},"type":"if","locations":[{"start":{"line":64,"column":6},"end":{"line":68,"column":7}},{"start":{"line":66,"column":13},"end":{"line":68,"column":7}}],"line":64}},"s":{"0":2,"1":2,"2":2,"3":2,"4":2,"5":2,"6":1,"7":1,"8":0,"9":0,"10":1,"11":1,"12":1,"13":1,"14":1,"15":0,"16":0,"17":1,"18":1,"19":0,"20":0,"21":0,"22":1,"23":1,"24":2,"25":2,"26":1,"27":1,"28":0,"29":1,"30":1,"31":2},"f":{"0":2,"1":1,"2":1,"3":2},"b":{"0":[1,1],"1":[0,0],"2":[1,0]},"_coverageSchema":"1a1c01bbd47fc00a2c39e90264f33305004495a9","hash":"bcd1427b60ef5f682bcd34fd4a6b8fc81bd26da0"}
,"/home/laisjm/Desktop/liskov/lap3/debugging-dialects/backend/Models/teachers.js": {"path":"/home/laisjm/Desktop/liskov/lap3/debugging-dialects/backend/Models/teachers.js","statementMap":{"0":{"start":{"line":1,"column":11},"end":{"line":1,"column":36}},"1":{"start":{"line":2,"column":21},"end":{"line":2,"column":36}},"2":{"start":{"line":4,"column":17},"end":{"line":84,"column":1}},"3":{"start":{"line":15,"column":8},"end":{"line":15,"column":12}},"4":{"start":{"line":17,"column":4},"end":{"line":35,"column":5}},"5":{"start":{"line":18,"column":20},"end":{"line":18,"column":28}},"6":{"start":{"line":19,"column":19},"end":{"line":22,"column":7}},"7":{"start":{"line":23,"column":6},"end":{"line":23,"column":77}},"8":{"start":{"line":25,"column":22},"end":{"line":28,"column":7}},"9":{"start":{"line":29,"column":6},"end":{"line":29,"column":83}},"10":{"start":{"line":31,"column":6},"end":{"line":31,"column":62}},"11":{"start":{"line":33,"column":6},"end":{"line":33,"column":25}},"12":{"start":{"line":34,"column":6},"end":{"line":34,"column":36}},"13":{"start":{"line":39,"column":4},"end":{"line":53,"column":5}},"14":{"start":{"line":40,"column":22},"end":{"line":43,"column":7}},"15":{"start":{"line":45,"column":6},"end":{"line":49,"column":7}},"16":{"start":{"line":46,"column":8},"end":{"line":46,"column":31}},"17":{"start":{"line":48,"column":8},"end":{"line":48,"column":46}},"18":{"start":{"line":51,"column":6},"end":{"line":51,"column":25}},"19":{"start":{"line":52,"column":6},"end":{"line":52,"column":36}},"20":{"start":{"line":62,"column":8},"end":{"line":62,"column":12}},"21":{"start":{"line":64,"column":4},"end":{"line":80,"column":5}},"22":{"start":{"line":65,"column":29},"end":{"line":70,"column":7}},"23":{"start":{"line":72,"column":6},"end":{"line":76,"column":7}},"24":{"start":{"line":73,"column":8},"end":{"line":73,"column":38}},"25":{"start":{"line":75,"column":8},"end":{"line":75,"column":46}},"26":{"start":{"line":78,"column":6},"end":{"line":78,"column":25}},"27":{"start":{"line":79,"column":6},"end":{"line":79,"column":36}},"28":{"start":{"line":86,"column":0},"end":{"line":86,"column":26}}},"fnMap":{"0":{"name":"(anonymous_0)","decl":{"start":{"line":5,"column":17},"end":{"line":5,"column":18}},"loc":{"start":{"line":5,"column":33},"end":{"line":36,"column":3}},"line":5},"1":{"name":"(anonymous_1)","decl":{"start":{"line":38,"column":21},"end":{"line":38,"column":22}},"loc":{"start":{"line":38,"column":35},"end":{"line":54,"column":3}},"line":38},"2":{"name":"(anonymous_2)","decl":{"start":{"line":56,"column":24},"end":{"line":56,"column":25}},"loc":{"start":{"line":56,"column":44},"end":{"line":81,"column":3}},"line":56}},"branchMap":{"0":{"loc":{"start":{"line":45,"column":6},"end":{"line":49,"column":7}},"type":"if","locations":[{"start":{"line":45,"column":6},"end":{"line":49,"column":7}},{"start":{"line":47,"column":13},"end":{"line":49,"column":7}}],"line":45},"1":{"loc":{"start":{"line":72,"column":6},"end":{"line":76,"column":7}},"type":"if","locations":[{"start":{"line":72,"column":6},"end":{"line":76,"column":7}},{"start":{"line":74,"column":13},"end":{"line":76,"column":7}}],"line":72}},"s":{"0":2,"1":2,"2":2,"3":1,"4":1,"5":1,"6":1,"7":1,"8":1,"9":1,"10":1,"11":0,"12":0,"13":1,"14":1,"15":1,"16":1,"17":0,"18":0,"19":0,"20":1,"21":1,"22":1,"23":1,"24":1,"25":0,"26":0,"27":0,"28":2},"f":{"0":1,"1":1,"2":1},"b":{"0":[1,0],"1":[1,0]},"_coverageSchema":"1a1c01bbd47fc00a2c39e90264f33305004495a9","hash":"264f1a224e50089482caaabee0880b5e655ffcd8"}
,"/home/laisjm/Desktop/liskov/lap3/debugging-dialects/backend/Routers/flashcards.js": {"path":"/home/laisjm/Desktop/liskov/lap3/debugging-dialects/backend/Routers/flashcards.js","statementMap":{"0":{"start":{"line":1,"column":16},"end":{"line":1,"column":34}},"1":{"start":{"line":2,"column":15},"end":{"line":2,"column":31}},"2":{"start":{"line":14,"column":4},"end":{"line":14,"column":40}},"3":{"start":{"line":16,"column":0},"end":{"line":16,"column":32}},"4":{"start":{"line":17,"column":0},"end":{"line":17,"column":45}},"5":{"start":{"line":18,"column":0},"end":{"line":18,"column":43}},"6":{"start":{"line":19,"column":0},"end":{"line":19,"column":69}},"7":{"start":{"line":20,"column":0},"end":{"line":20,"column":40}},"8":{"start":{"line":23,"column":0},"end":{"line":23,"column":57}},"9":{"start":{"line":24,"column":0},"end":{"line":24,"column":58}},"10":{"start":{"line":25,"column":0},"end":{"line":25,"column":59}},"11":{"start":{"line":28,"column":0},"end":{"line":28,"column":24}}},"fnMap":{},"branchMap":{},"s":{"0":2,"1":2,"2":2,"3":2,"4":2,"5":2,"6":2,"7":2,"8":2,"9":2,"10":2,"11":2},"f":{},"b":{},"_coverageSchema":"1a1c01bbd47fc00a2c39e90264f33305004495a9","hash":"c37f0eaa84db901a96ca3f8b2622f1d50893d912"}
,"/home/laisjm/Desktop/liskov/lap3/debugging-dialects/backend/Routers/students.js": {"path":"/home/laisjm/Desktop/liskov/lap3/debugging-dialects/backend/Routers/students.js","statementMap":{"0":{"start":{"line":1,"column":16},"end":{"line":1,"column":34}},"1":{"start":{"line":2,"column":15},"end":{"line":2,"column":31}},"2":{"start":{"line":9,"column":4},"end":{"line":9,"column":38}},"3":{"start":{"line":11,"column":0},"end":{"line":11,"column":45}},"4":{"start":{"line":12,"column":0},"end":{"line":12,"column":41}},"5":{"start":{"line":13,"column":0},"end":{"line":13,"column":52}},"6":{"start":{"line":14,"column":0},"end":{"line":14,"column":32}},"7":{"start":{"line":16,"column":0},"end":{"line":16,"column":24}}},"fnMap":{},"branchMap":{},"s":{"0":2,"1":2,"2":2,"3":2,"4":2,"5":2,"6":2,"7":2},"f":{},"b":{},"_coverageSchema":"1a1c01bbd47fc00a2c39e90264f33305004495a9","hash":"4a65c71fa08b62287cc0899955eb8c4b540a208e"}
,"/home/laisjm/Desktop/liskov/lap3/debugging-dialects/backend/Routers/teachers.js": {"path":"/home/laisjm/Desktop/liskov/lap3/debugging-dialects/backend/Routers/teachers.js","statementMap":{"0":{"start":{"line":1,"column":16},"end":{"line":1,"column":34}},"1":{"start":{"line":2,"column":15},"end":{"line":2,"column":31}},"2":{"start":{"line":8,"column":4},"end":{"line":8,"column":38}},"3":{"start":{"line":10,"column":0},"end":{"line":10,"column":32}},"4":{"start":{"line":11,"column":0},"end":{"line":11,"column":46}},"5":{"start":{"line":12,"column":0},"end":{"line":12,"column":48}},"6":{"start":{"line":14,"column":0},"end":{"line":14,"column":24}}},"fnMap":{},"branchMap":{},"s":{"0":2,"1":2,"2":2,"3":2,"4":2,"5":2,"6":2},"f":{},"b":{},"_coverageSchema":"1a1c01bbd47fc00a2c39e90264f33305004495a9","hash":"cde05e5249639d4d008edf69202b6ce579b1da02"}
,"/home/laisjm/Desktop/liskov/lap3/debugging-dialects/backend/Routers/users.js": {"path":"/home/laisjm/Desktop/liskov/lap3/debugging-dialects/backend/Routers/users.js","statementMap":{"0":{"start":{"line":1,"column":17},"end":{"line":1,"column":35}},"1":{"start":{"line":3,"column":23},"end":{"line":3,"column":57}},"2":{"start":{"line":4,"column":26},"end":{"line":4,"column":63}},"3":{"start":{"line":5,"column":26},"end":{"line":5,"column":63}},"4":{"start":{"line":7,"column":19},"end":{"line":7,"column":27}},"5":{"start":{"line":9,"column":0},"end":{"line":9,"column":54}},"6":{"start":{"line":10,"column":0},"end":{"line":10,"column":48}},"7":{"start":{"line":11,"column":0},"end":{"line":11,"column":70}},"8":{"start":{"line":12,"column":0},"end":{"line":12,"column":70}},"9":{"start":{"line":14,"column":0},"end":{"line":14,"column":28}}},"fnMap":{},"branchMap":{},"s":{"0":2,"1":2,"2":2,"3":2,"4":2,"5":2,"6":2,"7":2,"8":2,"9":2},"f":{},"b":{},"_coverageSchema":"1a1c01bbd47fc00a2c39e90264f33305004495a9","hash":"a5ad132a28b6cd612ac24c2edfdfef593a7c82ae"}
,"/home/laisjm/Desktop/liskov/lap3/debugging-dialects/backend/database/db.js": {"path":"/home/laisjm/Desktop/liskov/lap3/debugging-dialects/backend/database/db.js","statementMap":{"0":{"start":{"line":1,"column":0},"end":{"line":1,"column":26}},"1":{"start":{"line":2,"column":17},"end":{"line":2,"column":30}},"2":{"start":{"line":5,"column":0},"end":{"line":14,"column":1}},"3":{"start":{"line":6,"column":4},"end":{"line":6,"column":26}},"4":{"start":{"line":7,"column":4},"end":{"line":9,"column":6}},"5":{"start":{"line":11,"column":4},"end":{"line":13,"column":6}},"6":{"start":{"line":17,"column":0},"end":{"line":17,"column":19}}},"fnMap":{},"branchMap":{"0":{"loc":{"start":{"line":5,"column":0},"end":{"line":14,"column":1}},"type":"if","locations":[{"start":{"line":5,"column":0},"end":{"line":14,"column":1}},{"start":{"line":10,"column":7},"end":{"line":14,"column":1}}],"line":5}},"s":{"0":2,"1":2,"2":2,"3":2,"4":2,"5":0,"6":2},"f":{},"b":{"0":[2,0]},"_coverageSchema":"1a1c01bbd47fc00a2c39e90264f33305004495a9","hash":"b8160961bc51c1fe30a0485d8a9e0fe6dad9dc98"}
,"/home/laisjm/Desktop/liskov/lap3/debugging-dialects/backend/database/setup-test-db.js": {"path":"/home/laisjm/Desktop/liskov/lap3/debugging-dialects/backend/database/setup-test-db.js","statementMap":{"0":{"start":{"line":1,"column":11},"end":{"line":1,"column":29}},"1":{"start":{"line":3,"column":20},"end":{"line":114,"column":1}},"2":{"start":{"line":4,"column":2},"end":{"line":113,"column":3}},"3":{"start":{"line":6,"column":4},"end":{"line":109,"column":7}},"4":{"start":{"line":110,"column":4},"end":{"line":110,"column":54}},"5":{"start":{"line":112,"column":4},"end":{"line":112,"column":76}},"6":{"start":{"line":116,"column":22},"end":{"line":153,"column":3}},"7":{"start":{"line":117,"column":4},"end":{"line":152,"column":5}},"8":{"start":{"line":118,"column":6},"end":{"line":148,"column":9}},"9":{"start":{"line":149,"column":6},"end":{"line":149,"column":58}},"10":{"start":{"line":151,"column":6},"end":{"line":151,"column":80}},"11":{"start":{"line":155,"column":21},"end":{"line":180,"column":1}},"12":{"start":{"line":156,"column":2},"end":{"line":179,"column":3}},"13":{"start":{"line":158,"column":4},"end":{"line":175,"column":7}},"14":{"start":{"line":176,"column":4},"end":{"line":176,"column":56}},"15":{"start":{"line":178,"column":4},"end":{"line":178,"column":78}},"16":{"start":{"line":181,"column":0},"end":{"line":186,"column":1}}},"fnMap":{"0":{"name":"(anonymous_0)","decl":{"start":{"line":3,"column":20},"end":{"line":3,"column":21}},"loc":{"start":{"line":3,"column":32},"end":{"line":114,"column":1}},"line":3},"1":{"name":"(anonymous_1)","decl":{"start":{"line":116,"column":22},"end":{"line":116,"column":23}},"loc":{"start":{"line":116,"column":34},"end":{"line":153,"column":3}},"line":116},"2":{"name":"(anonymous_2)","decl":{"start":{"line":155,"column":21},"end":{"line":155,"column":22}},"loc":{"start":{"line":155,"column":33},"end":{"line":180,"column":1}},"line":155}},"branchMap":{},"s":{"0":1,"1":1,"2":5,"3":5,"4":5,"5":0,"6":1,"7":5,"8":5,"9":5,"10":0,"11":1,"12":5,"13":5,"14":5,"15":0,"16":1},"f":{"0":5,"1":5,"2":5},"b":{},"_coverageSchema":"1a1c01bbd47fc00a2c39e90264f33305004495a9","hash":"404b9ee09435919ee2176a2ac03c5edb2404aac0"}
}
